#
# There is insufficient memory for the Java Runtime Environment to continue.
# Native memory allocation (mmap) failed to map 266338304 bytes for G1 virtual space
# Possible reasons:
#   The system is out of physical RAM or swap space
#   The process is running with CompressedOops enabled, and the Java Heap may be blocking the growth of the native heap
# Possible solutions:
#   Reduce memory load on the system
#   Increase physical memory or swap space
#   Check if swap backing store is full
#   Decrease Java heap size (-Xmx/-Xms)
#   Decrease number of Java threads
#   Decrease Java thread stack sizes (-Xss)
#   Set larger code cache with -XX:ReservedCodeCacheSize=
#   JVM is running with Zero Based Compressed Oops mode in which the Java heap is
#     placed in the first 32GB address space. The Java Heap base address is the
#     maximum limit for the native heap growth. Please use -XX:HeapBaseMinAddress
#     to set the Java Heap base and to place the Java Heap above 32GB virtual address.
# This output file may be truncated or incomplete.
#
#  Out of Memory Error (os_windows.cpp:3747), pid=102828, tid=95876
#
# JRE version:  (17.0.3+7) (build )
# Java VM: OpenJDK 64-Bit Server VM (17.0.3+7-b469.16, mixed mode, sharing, tiered, compressed oops, compressed class ptrs, g1 gc, windows-amd64)
# No core dump will be written. Minidumps are not enabled by default on client versions of Windows
#

---------------  S U M M A R Y ------------

Command Line: git4idea.http.GitAskPassApp Username for 'https://github.com': 

Host: AMD Ryzen 7 5800H with Radeon Graphics         , 16 cores, 15G,  Windows 11 , 64 bit Build 22621 (10.0.22621.1)
Time: Tue Jul  5 15:58:53 2022  Windows 11 , 64 bit Build 22621 (10.0.22621.1) elapsed time: 0.026047 seconds (0d 0h 0m 0s)

---------------  T H R E A D  ---------------

Current thread (0x000001a4a48af450):  JavaThread "Unknown thread" [_thread_in_vm, id=95876, stack(0x0000001edf800000,0x0000001edf900000)]

Stack: [0x0000001edf800000,0x0000001edf900000]
Native frames: (J=compiled Java code, j=interpreted, Vv=VM code, C=native code)
V  [jvm.dll+0x68103a]
V  [jvm.dll+0x83cfe4]
V  [jvm.dll+0x83e78e]
V  [jvm.dll+0x83edf3]
V  [jvm.dll+0x2492b5]
V  [jvm.dll+0x67deb9]
V  [jvm.dll+0x672552]
V  [jvm.dll+0x308f8b]
V  [jvm.dll+0x3104b6]
V  [jvm.dll+0x3601be]
V  [jvm.dll+0x3603ef]
V  [jvm.dll+0x2df058]
V  [jvm.dll+0x2dffc4]
V  [jvm.dll+0x80ebc1]
V  [jvm.dll+0x36df41]
V  [jvm.dll+0x7ee0dc]
V  [jvm.dll+0x3f0eff]
V  [jvm.dll+0x3f2a81]
C  [jli.dll+0x5277]
C  [ucrtbase.dll+0x29363]
C  [KERNEL32.DLL+0x1244d]
C  [ntdll.dll+0x5df88]


---------------  P R O C E S S  ---------------

Threads class SMR info:
_java_thread_list=0x00007ffb70e3ff18, length=0, elements={
}

Java Threads: ( => current thread )

Other Threads:
  0x000001a4a491b660 GCTaskThread "GC Thread#0" [stack: 0x0000001edf900000,0x0000001edfa00000] [id=68124]
  0x000001a4a492c4c0 ConcurrentGCThread "G1 Main Marker" [stack: 0x0000001edfa00000,0x0000001edfb00000] [id=51104]
  0x000001a4a492d670 ConcurrentGCThread "G1 Conc#0" [stack: 0x0000001edfb00000,0x0000001edfc00000] [id=80440]

[error occurred during error reporting (printing all threads), id 0xc0000005, EXCEPTION_ACCESS_VIOLATION (0xc0000005) at pc=0x00007ffb7060fc27]

VM state: not at safepoint (not fully initialized)

VM Mutex/Monitor currently owned by a thread:  ([mutex/lock_event])
[0x000001a4a48a9700] Heap_lock - owner thread: 0x000001a4a48af450

Heap address: 0x0000000702400000, size: 4060 MB, Compressed Oops mode: Zero based, Oop shift amount: 3

CDS archive(s) mapped at: [0x0000000000000000-0x0000000000000000-0x0000000000000000), size 0, SharedBaseAddress: 0x0000000800000000, ArchiveRelocationMode: 0.
Narrow klass base: 0x0000000000000000, Narrow klass shift: 0, Narrow klass range: 0x0

GC Precious Log:
<Empty>

Heap:
 garbage-first heap   total 0K, used 0K [0x0000000702400000, 0x0000000800000000)
  region size 2048K, 0 young (0K), 0 survivors (0K)

[error occurred during error reporting (printing heap information), id 0xc0000005, EXCEPTION_ACCESS_VIOLATION (0xc0000005) at pc=0x00007ffb709fada9]

GC Heap History (0 events):
No events

Deoptimization events (0 events):
No events

Classes unloaded (0 events):
No events

Classes redefined (0 events):
No events

Internal exceptions (0 events):
No events

VM Operations (0 events):
No events

Events (1 events):
Event: 0.017 Loaded shared library D:\JetBrains\Toolbox\apps\IDEA-U\ch-1\222.3244.4\jbr\bin\java.dll


Dynamic libraries:
0x00007ff6bbd10000 - 0x00007ff6bbd1a000 	D:\JetBrains\Toolbox\apps\IDEA-U\ch-1\222.3244.4\jbr\bin\java.exe
0x00007ffbd2730000 - 0x00007ffbd2944000 	C:\WINDOWS\SYSTEM32\ntdll.dll
0x00007ffbd1940000 - 0x00007ffbd1a02000 	C:\WINDOWS\System32\KERNEL32.DLL
0x00007ffbcfc10000 - 0x00007ffbcffac000 	C:\WINDOWS\System32\KERNELBASE.dll
0x00007ffbd0420000 - 0x00007ffbd0531000 	C:\WINDOWS\System32\ucrtbase.dll
0x00007ffba26c0000 - 0x00007ffba26d9000 	D:\JetBrains\Toolbox\apps\IDEA-U\ch-1\222.3244.4\jbr\bin\VCRUNTIME140.dll
0x00007ffba2230000 - 0x00007ffba2248000 	D:\JetBrains\Toolbox\apps\IDEA-U\ch-1\222.3244.4\jbr\bin\jli.dll
0x00007ffbd0540000 - 0x00007ffbd06eb000 	C:\WINDOWS\System32\USER32.dll
0x00007ffbcfb70000 - 0x00007ffbcfb96000 	C:\WINDOWS\System32\win32u.dll
0x00007ffbd0930000 - 0x00007ffbd0959000 	C:\WINDOWS\System32\GDI32.dll
0x00007ffbbce20000 - 0x00007ffbbd0ae000 	C:\WINDOWS\WinSxS\amd64_microsoft.windows.common-controls_6595b64144ccf1df_6.0.22621.1_none_60e502bd9af5bef0\COMCTL32.dll
0x00007ffbcffb0000 - 0x00007ffbd00c2000 	C:\WINDOWS\System32\gdi32full.dll
0x00007ffbd0380000 - 0x00007ffbd041a000 	C:\WINDOWS\System32\msvcp_win.dll
0x00007ffbd21a0000 - 0x00007ffbd2247000 	C:\WINDOWS\System32\msvcrt.dll
0x00007ffbd1b10000 - 0x00007ffbd1b41000 	C:\WINDOWS\System32\IMM32.DLL
0x00007ffbc93b0000 - 0x00007ffbc93bc000 	D:\JetBrains\Toolbox\apps\IDEA-U\ch-1\222.3244.4\jbr\bin\vcruntime140_1.dll
0x00007ffb80060000 - 0x00007ffb800f2000 	D:\JetBrains\Toolbox\apps\IDEA-U\ch-1\222.3244.4\jbr\bin\msvcp140.dll
0x00007ffb70320000 - 0x00007ffb70f71000 	D:\JetBrains\Toolbox\apps\IDEA-U\ch-1\222.3244.4\jbr\bin\server\jvm.dll
0x00007ffbd24a0000 - 0x00007ffbd254e000 	C:\WINDOWS\System32\ADVAPI32.dll
0x00007ffbd0860000 - 0x00007ffbd0904000 	C:\WINDOWS\System32\sechost.dll
0x00007ffbd2380000 - 0x00007ffbd2495000 	C:\WINDOWS\System32\RPCRT4.dll
0x00007ffbd1a10000 - 0x00007ffbd1a18000 	C:\WINDOWS\System32\PSAPI.DLL
0x00007ffbb0390000 - 0x00007ffbb0399000 	C:\WINDOWS\SYSTEM32\WSOCK32.dll
0x00007ffbd1240000 - 0x00007ffbd12b1000 	C:\WINDOWS\System32\WS2_32.dll
0x00007ffbc92f0000 - 0x00007ffbc9324000 	C:\WINDOWS\SYSTEM32\WINMM.dll
0x00007ffbc7860000 - 0x00007ffbc786a000 	C:\WINDOWS\SYSTEM32\VERSION.dll
0x00007ffbcecd0000 - 0x00007ffbcece8000 	C:\WINDOWS\SYSTEM32\kernel.appcore.dll
0x00007ffbcafc0000 - 0x00007ffbcafca000 	D:\JetBrains\Toolbox\apps\IDEA-U\ch-1\222.3244.4\jbr\bin\jimage.dll
0x00007ffbcd320000 - 0x00007ffbcd54e000 	C:\WINDOWS\SYSTEM32\DBGHELP.DLL
0x00007ffbd1340000 - 0x00007ffbd16c9000 	C:\WINDOWS\System32\combase.dll
0x00007ffbd1fe0000 - 0x00007ffbd20b7000 	C:\WINDOWS\System32\OLEAUT32.dll
0x00007ffbb0130000 - 0x00007ffbb0162000 	C:\WINDOWS\SYSTEM32\dbgcore.DLL
0x00007ffbd0300000 - 0x00007ffbd037b000 	C:\WINDOWS\System32\bcryptPrimitives.dll
0x00007ffbca2e0000 - 0x00007ffbca305000 	D:\JetBrains\Toolbox\apps\IDEA-U\ch-1\222.3244.4\jbr\bin\java.dll

dbghelp: loaded successfully - version: 4.0.5 - missing functions: none
symbol engine: initialized successfully - sym options: 0x614 - pdb path: .;D:\JetBrains\Toolbox\apps\IDEA-U\ch-1\222.3244.4\jbr\bin;C:\WINDOWS\SYSTEM32;C:\WINDOWS\WinSxS\amd64_microsoft.windows.common-controls_6595b64144ccf1df_6.0.22621.1_none_60e502bd9af5bef0;D:\JetBrains\Toolbox\apps\IDEA-U\ch-1\222.3244.4\jbr\bin\server

VM Arguments:
java_command: git4idea.http.GitAskPassApp Username for 'https://github.com': 
java_class_path (initial): D:/JetBrains/Toolbox/apps/IDEA-U/ch-1/222.3244.4/plugins/git4idea/lib/git4idea-rt.jar;D:/JetBrains/Toolbox/apps/IDEA-U/ch-1/222.3244.4/lib/externalProcess-rt.jar;D:/JetBrains/Toolbox/apps/IDEA-U/ch-1/222.3244.4/lib/app.jar;D:/JetBrains/Toolbox/apps/IDEA-U/ch-1/222.3244.4/lib/3rd-party-rt.jar
Launcher Type: SUN_STANDARD

[Global flags]
     intx CICompilerCount                          = 12                                        {product} {ergonomic}
     uint ConcGCThreads                            = 3                                         {product} {ergonomic}
     uint G1ConcRefinementThreads                  = 13                                        {product} {ergonomic}
   size_t G1HeapRegionSize                         = 2097152                                   {product} {ergonomic}
    uintx GCDrainStackTargetSize                   = 64                                        {product} {ergonomic}
   size_t InitialHeapSize                          = 266338304                                 {product} {ergonomic}
   size_t MarkStackSize                            = 4194304                                   {product} {ergonomic}
   size_t MaxHeapSize                              = 4257218560                                {product} {ergonomic}
   size_t MinHeapDeltaBytes                        = 2097152                                   {product} {ergonomic}
   size_t MinHeapSize                              = 8388608                                   {product} {ergonomic}
    uintx NonNMethodCodeHeapSize                   = 7602480                                {pd product} {ergonomic}
    uintx NonProfiledCodeHeapSize                  = 122027880                              {pd product} {ergonomic}
    uintx ProfiledCodeHeapSize                     = 122027880                              {pd product} {ergonomic}
    uintx ReservedCodeCacheSize                    = 251658240                              {pd product} {ergonomic}
     bool SegmentedCodeCache                       = true                                      {product} {ergonomic}
   size_t SoftMaxHeapSize                          = 4257218560                             {manageable} {ergonomic}
     bool UseCompressedClassPointers               = true                           {product lp64_product} {ergonomic}
     bool UseCompressedOops                        = true                           {product lp64_product} {ergonomic}
     bool UseG1GC                                  = true                                      {product} {ergonomic}
     bool UseLargePagesIndividualAllocation        = false                                  {pd product} {ergonomic}

Logging:
Log output configuration:
 #0: stdout all=warning uptime,level,tags
 #1: stderr all=off uptime,level,tags

Environment Variables:
JAVA_HOME=C:\Program Files\Java\jdk-17.0.2
CLASSPATH=.;C:\dev\apache-tomcat-10.0.21\lib\servlet-api.jar
PATH=C:/Program Files/Git/mingw64/libexec/git-core;C:/Program Files/Git/mingw64/libexec/git-core;C:\Program Files\Git\mingw64\bin;C:\Program Files\Git\usr\bin;C:\Users\14132\bin;C:\Program Files\nodejs\;D:\VMware\bin\;C:\Program Files\Java\jdk-17.0.2\bin;C:\Program Files\Common Files\Oracle\Java\javapath;C:\Program Files (x86)\NVIDIA Corporation\PhysX\Common;C:\Program Files (x86)\NetSarang\Xftp 7\;C:\Program Files (x86)\dotnet\;C:\Program Files\Bandizip\;C:\Program Files\NVIDIA Corporation\NVIDIA NvDLISR;C:\Users\14132\AppData\Local\Programs\Python\Python310;C:\Users\14132\AppData\Local\Programs\Python\Python310\Scripts\;C:\WINDOWS;C:\WINDOWS\System32\OpenSSH\;C:\Program Files\nodejs;C:\WINDOWS\System32\Wbem;C:\WINDOWS\System32\WindowsPowerShell\v1.0\;C:\WINDOWS\system32;C:\WINDOWS\system32\WBEM;C:\Windows;C:\Windows\System32\OpenSSH\;C:\Windows\System32\Wbem;C:\Windows\System32\WindowsPowerShell\v1.0\;C:\Windows\system32;C:\Users\14132\AppData\Local\Microsoft\WindowsApps;C:\Program Files (x86)\NetSarang\Xshell 7\;D:\Microsoft VS Code\bin;D:\pcsuite\;C:\WINDOWS\system32;C:\WINDOWS;C:\WINDOWS\System32\Wbem;C:\WINDOWS\System32\WindowsPowerShell\v1.0\;C:\WINDOWS\System32\OpenSSH\;C:\Program Files (x86)\NetSarang\Xlpd 7\;C:\dev\apache-tomcat-10.0.21\bin;C:\dev\apache-maven-3.8.5\bin;C:\Program Files\Pandoc\;C:\Program Files\Git\cmd;C:\Users\14132\AppData\Roaming\npm;D:\PyCharm Community Edition 2021.3.1\bin;D:\xp.cn\com\bin\;C:\Program Files (x86)\EasyShare\x86\;C:\Program Files (x86)\EasyShare\x64\
USERNAME=mojospy
DISPLAY=:0.0
LC_ALL=en_US.UTF-8
OS=Windows_NT
PROCESSOR_IDENTIFIER=AMD64 Family 25 Model 80 Stepping 0, AuthenticAMD



---------------  S Y S T E M  ---------------

OS:
 Windows 11 , 64 bit Build 22621 (10.0.22621.1)
OS uptime: 2 days 5:18 hours

CPU: total 16 (initial active 16) (16 cores per cpu, 2 threads per core) family 25 model 80 stepping 0 microcode 0x0, cx8, cmov, fxsr, ht, mmx, 3dnowpref, sse, sse2, sse3, ssse3, sse4a, sse4.1, sse4.2, popcnt, lzcnt, tsc, tscinvbit, avx, avx2, aes, erms, clmul, bmi1, bmi2, adx, sha, fma, vzeroupper, clflush, clflushopt

Memory: 4k page, system-wide physical 16236M (3686M free)
TotalPageFile size 64324M (AvailPageFile size 97M)
current process WorkingSet (physical memory assigned to process): 12M, peak: 12M
current process commit charge ("private bytes"): 70M, peak: 324M

vm_info: OpenJDK 64-Bit Server VM (17.0.3+7-b469.16) for windows-amd64 JRE (17.0.3+7-b469.16), built on 2022-06-24 by "builduser" with MS VC++ 16.8 / 16.9 (VS2019)

END.
